|--- feature_14 <= 0.50
|   |--- class: 1
|--- feature_14 >  0.50
|   |--- feature_13 <= 5.50
|   |   |--- feature_9 <= 4.50
|   |   |   |--- feature_2 <= 2.50
|   |   |   |   |--- class: 1
|   |   |   |--- feature_2 >  2.50
|   |   |   |   |--- feature_0 <= 1.50
|   |   |   |   |   |--- class: 0
|   |   |   |   |--- feature_0 >  1.50
|   |   |   |   |   |--- feature_7 <= 24.00
|   |   |   |   |   |   |--- class: 0
|   |   |   |   |   |--- feature_7 >  24.00
|   |   |   |   |   |   |--- class: 0
|   |   |--- feature_9 >  4.50
|   |   |   |--- feature_2 <= 1.50
|   |   |   |   |--- class: 1
|   |   |   |--- feature_2 >  1.50
|   |   |   |   |--- feature_3 <= 2.50
|   |   |   |   |   |--- feature_5 <= 6.50
|   |   |   |   |   |   |--- feature_9 <= 10.50
|   |   |   |   |   |   |   |--- feature_4 <= 5.50
|   |   |   |   |   |   |   |   |--- feature_12 <= 0.50
|   |   |   |   |   |   |   |   |   |--- feature_0 <= 0.50
|   |   |   |   |   |   |   |   |   |   |--- class: 1
|   |   |   |   |   |   |   |   |   |--- feature_0 >  0.50
|   |   |   |   |   |   |   |   |   |   |--- class: 1
|   |   |   |   |   |   |   |   |--- feature_12 >  0.50
|   |   |   |   |   |   |   |   |   |--- class: 1
|   |   |   |   |   |   |   |--- feature_4 >  5.50
|   |   |   |   |   |   |   |   |--- class: 0
|   |   |   |   |   |   |--- feature_9 >  10.50
|   |   |   |   |   |   |   |--- feature_4 <= 5.50
|   |   |   |   |   |   |   |   |--- feature_13 <= 4.50
|   |   |   |   |   |   |   |   |   |--- class: 1
|   |   |   |   |   |   |   |   |--- feature_13 >  4.50
|   |   |   |   |   |   |   |   |   |--- feature_9 <= 12.50
|   |   |   |   |   |   |   |   |   |   |--- class: 1
|   |   |   |   |   |   |   |   |   |--- feature_9 >  12.50
|   |   |   |   |   |   |   |   |   |   |--- class: 1
|   |   |   |   |   |   |   |--- feature_4 >  5.50
|   |   |   |   |   |   |   |   |--- class: 1
|   |   |   |   |   |--- feature_5 >  6.50
|   |   |   |   |   |   |--- feature_8 <= 0.50
|   |   |   |   |   |   |   |--- feature_2 <= 3.50
|   |   |   |   |   |   |   |   |--- class: 1
|   |   |   |   |   |   |   |--- feature_2 >  3.50
|   |   |   |   |   |   |   |   |--- feature_9 <= 8.50
|   |   |   |   |   |   |   |   |   |--- feature_4 <= 2.50
|   |   |   |   |   |   |   |   |   |   |--- class: 1
|   |   |   |   |   |   |   |   |   |--- feature_4 >  2.50
|   |   |   |   |   |   |   |   |   |   |--- class: 0
|   |   |   |   |   |   |   |   |--- feature_9 >  8.50
|   |   |   |   |   |   |   |   |   |--- feature_7 <= 37.50
|   |   |   |   |   |   |   |   |   |   |--- class: 1
|   |   |   |   |   |   |   |   |   |--- feature_7 >  37.50
|   |   |   |   |   |   |   |   |   |   |--- class: 1
|   |   |   |   |   |   |--- feature_8 >  0.50
|   |   |   |   |   |   |   |--- feature_9 <= 22.50
|   |   |   |   |   |   |   |   |--- feature_10 <= 0.50
|   |   |   |   |   |   |   |   |   |--- feature_6 <= 2.50
|   |   |   |   |   |   |   |   |   |   |--- class: 0
|   |   |   |   |   |   |   |   |   |--- feature_6 >  2.50
|   |   |   |   |   |   |   |   |   |   |--- class: 1
|   |   |   |   |   |   |   |   |--- feature_10 >  0.50
|   |   |   |   |   |   |   |   |   |--- class: 0
|   |   |   |   |   |   |   |--- feature_9 >  22.50
|   |   |   |   |   |   |   |   |--- class: 1
|   |   |   |   |--- feature_3 >  2.50
|   |   |   |   |   |--- feature_8 <= 0.50
|   |   |   |   |   |   |--- feature_4 <= 3.50
|   |   |   |   |   |   |   |--- class: 1
|   |   |   |   |   |   |--- feature_4 >  3.50
|   |   |   |   |   |   |   |--- class: 1
|   |   |   |   |   |--- feature_8 >  0.50
|   |   |   |   |   |   |--- feature_9 <= 15.50
|   |   |   |   |   |   |   |--- feature_2 <= 3.50
|   |   |   |   |   |   |   |   |--- class: 0
|   |   |   |   |   |   |   |--- feature_2 >  3.50
|   |   |   |   |   |   |   |   |--- feature_7 <= 17.50
|   |   |   |   |   |   |   |   |   |--- class: 0
|   |   |   |   |   |   |   |   |--- feature_7 >  17.50
|   |   |   |   |   |   |   |   |   |--- feature_4 <= 6.50
|   |   |   |   |   |   |   |   |   |   |--- class: 0
|   |   |   |   |   |   |   |   |   |--- feature_4 >  6.50
|   |   |   |   |   |   |   |   |   |   |--- class: 1
|   |   |   |   |   |   |--- feature_9 >  15.50
|   |   |   |   |   |   |   |--- feature_7 <= 17.50
|   |   |   |   |   |   |   |   |--- class: 1
|   |   |   |   |   |   |   |--- feature_7 >  17.50
|   |   |   |   |   |   |   |   |--- feature_9 <= 20.50
|   |   |   |   |   |   |   |   |   |--- class: 0
|   |   |   |   |   |   |   |   |--- feature_9 >  20.50
|   |   |   |   |   |   |   |   |   |--- class: 1
|   |--- feature_13 >  5.50
|   |   |--- feature_9 <= 9.50
|   |   |   |--- feature_9 <= 6.50
|   |   |   |   |--- feature_9 <= 3.50
|   |   |   |   |   |--- class: 0
|   |   |   |   |--- feature_9 >  3.50
|   |   |   |   |   |--- feature_7 <= 58.50
|   |   |   |   |   |   |--- feature_8 <= 0.50
|   |   |   |   |   |   |   |--- feature_13 <= 7.50
|   |   |   |   |   |   |   |   |--- class: 0
|   |   |   |   |   |   |   |--- feature_13 >  7.50
|   |   |   |   |   |   |   |   |--- feature_0 <= 0.50
|   |   |   |   |   |   |   |   |   |--- class: 0
|   |   |   |   |   |   |   |   |--- feature_0 >  0.50
|   |   |   |   |   |   |   |   |   |--- class: 0
|   |   |   |   |   |   |--- feature_8 >  0.50
|   |   |   |   |   |   |   |--- feature_5 <= 2.50
|   |   |   |   |   |   |   |   |--- class: 0
|   |   |   |   |   |   |   |--- feature_5 >  2.50
|   |   |   |   |   |   |   |   |--- class: 0
|   |   |   |   |   |--- feature_7 >  58.50
|   |   |   |   |   |   |--- class: 0
|   |   |   |--- feature_9 >  6.50
|   |   |   |   |--- feature_13 <= 7.50
|   |   |   |   |   |--- feature_8 <= 0.50
|   |   |   |   |   |   |--- feature_6 <= 1.50
|   |   |   |   |   |   |   |--- class: 1
|   |   |   |   |   |   |--- feature_6 >  1.50
|   |   |   |   |   |   |   |--- feature_7 <= 35.50
|   |   |   |   |   |   |   |   |--- class: 1
|   |   |   |   |   |   |   |--- feature_7 >  35.50
|   |   |   |   |   |   |   |   |--- class: 0
|   |   |   |   |   |--- feature_8 >  0.50
|   |   |   |   |   |   |--- feature_2 <= 4.50
|   |   |   |   |   |   |   |--- class: 0
|   |   |   |   |   |   |--- feature_2 >  4.50
|   |   |   |   |   |   |   |--- class: 0
|   |   |   |   |--- feature_13 >  7.50
|   |   |   |   |   |--- feature_7 <= 28.50
|   |   |   |   |   |   |--- feature_7 <= 25.50
|   |   |   |   |   |   |   |--- feature_5 <= 12.00
|   |   |   |   |   |   |   |   |--- class: 0
|   |   |   |   |   |   |   |--- feature_5 >  12.00
|   |   |   |   |   |   |   |   |--- class: 0
|   |   |   |   |   |   |--- feature_7 >  25.50
|   |   |   |   |   |   |   |--- class: 1
|   |   |   |   |   |--- feature_7 >  28.50
|   |   |   |   |   |   |--- feature_0 <= 0.50
|   |   |   |   |   |   |   |--- class: 0
|   |   |   |   |   |   |--- feature_0 >  0.50
|   |   |   |   |   |   |   |--- feature_8 <= 3.50
|   |   |   |   |   |   |   |   |--- feature_3 <= 1.50
|   |   |   |   |   |   |   |   |   |--- feature_10 <= 0.50
|   |   |   |   |   |   |   |   |   |   |--- class: 0
|   |   |   |   |   |   |   |   |   |--- feature_10 >  0.50
|   |   |   |   |   |   |   |   |   |   |--- class: 0
|   |   |   |   |   |   |   |   |--- feature_3 >  1.50
|   |   |   |   |   |   |   |   |   |--- class: 0
|   |   |   |   |   |   |   |--- feature_8 >  3.50
|   |   |   |   |   |   |   |   |--- class: 0
|   |   |--- feature_9 >  9.50
|   |   |   |--- feature_13 <= 8.50
|   |   |   |   |--- feature_5 <= 7.50
|   |   |   |   |   |--- feature_10 <= 0.50
|   |   |   |   |   |   |--- feature_8 <= 0.50
|   |   |   |   |   |   |   |--- feature_7 <= 50.50
|   |   |   |   |   |   |   |   |--- feature_4 <= 1.50
|   |   |   |   |   |   |   |   |   |--- feature_7 <= 38.50
|   |   |   |   |   |   |   |   |   |   |--- class: 1
|   |   |   |   |   |   |   |   |   |--- feature_7 >  38.50
|   |   |   |   |   |   |   |   |   |   |--- class: 1
|   |   |   |   |   |   |   |   |--- feature_4 >  1.50
|   |   |   |   |   |   |   |   |   |--- feature_9 <= 17.50
|   |   |   |   |   |   |   |   |   |   |--- class: 1
|   |   |   |   |   |   |   |   |   |--- feature_9 >  17.50
|   |   |   |   |   |   |   |   |   |   |--- class: 1
|   |   |   |   |   |   |   |--- feature_7 >  50.50
|   |   |   |   |   |   |   |   |--- feature_7 <= 58.50
|   |   |   |   |   |   |   |   |   |--- class: 0
|   |   |   |   |   |   |   |   |--- feature_7 >  58.50
|   |   |   |   |   |   |   |   |   |--- class: 1
|   |   |   |   |   |   |--- feature_8 >  0.50
|   |   |   |   |   |   |   |--- feature_9 <= 34.50
|   |   |   |   |   |   |   |   |--- feature_12 <= 0.50
|   |   |   |   |   |   |   |   |   |--- feature_8 <= 5.50
|   |   |   |   |   |   |   |   |   |   |--- class: 0
|   |   |   |   |   |   |   |   |   |--- feature_8 >  5.50
|   |   |   |   |   |   |   |   |   |   |--- class: 0
|   |   |   |   |   |   |   |   |--- feature_12 >  0.50
|   |   |   |   |   |   |   |   |   |--- feature_7 <= 38.50
|   |   |   |   |   |   |   |   |   |   |--- class: 1
|   |   |   |   |   |   |   |   |   |--- feature_7 >  38.50
|   |   |   |   |   |   |   |   |   |   |--- class: 1
|   |   |   |   |   |   |   |--- feature_9 >  34.50
|   |   |   |   |   |   |   |   |--- class: 1
|   |   |   |   |   |--- feature_10 >  0.50
|   |   |   |   |   |   |--- feature_6 <= 2.50
|   |   |   |   |   |   |   |--- class: 0
|   |   |   |   |   |   |--- feature_6 >  2.50
|   |   |   |   |   |   |   |--- feature_1 <= 0.50
|   |   |   |   |   |   |   |   |--- class: 0
|   |   |   |   |   |   |   |--- feature_1 >  0.50
|   |   |   |   |   |   |   |   |--- class: 1
|   |   |   |   |--- feature_5 >  7.50
|   |   |   |   |   |--- feature_9 <= 20.50
|   |   |   |   |   |   |--- feature_4 <= 5.50
|   |   |   |   |   |   |   |--- feature_8 <= 0.50
|   |   |   |   |   |   |   |   |--- class: 1
|   |   |   |   |   |   |   |--- feature_8 >  0.50
|   |   |   |   |   |   |   |   |--- class: 1
|   |   |   |   |   |   |--- feature_4 >  5.50
|   |   |   |   |   |   |   |--- class: 1
|   |   |   |   |   |--- feature_9 >  20.50
|   |   |   |   |   |   |--- class: 1
|   |   |   |--- feature_13 >  8.50
|   |   |   |   |--- feature_3 <= 1.50
|   |   |   |   |   |--- feature_10 <= 1.50
|   |   |   |   |   |   |--- feature_0 <= 0.50
|   |   |   |   |   |   |   |--- feature_1 <= 0.50
|   |   |   |   |   |   |   |   |--- feature_6 <= 2.50
|   |   |   |   |   |   |   |   |   |--- class: 1
|   |   |   |   |   |   |   |   |--- feature_6 >  2.50
|   |   |   |   |   |   |   |   |   |--- feature_10 <= 0.50
|   |   |   |   |   |   |   |   |   |   |--- class: 1
|   |   |   |   |   |   |   |   |   |--- feature_10 >  0.50
|   |   |   |   |   |   |   |   |   |   |--- class: 0
|   |   |   |   |   |   |   |--- feature_1 >  0.50
|   |   |   |   |   |   |   |   |--- feature_9 <= 13.50
|   |   |   |   |   |   |   |   |   |--- class: 0
|   |   |   |   |   |   |   |   |--- feature_9 >  13.50
|   |   |   |   |   |   |   |   |   |--- class: 0
|   |   |   |   |   |   |--- feature_0 >  0.50
|   |   |   |   |   |   |   |--- feature_2 <= 7.50
|   |   |   |   |   |   |   |   |--- feature_11 <= 0.50
|   |   |   |   |   |   |   |   |   |--- feature_12 <= 2.50
|   |   |   |   |   |   |   |   |   |   |--- class: 0
|   |   |   |   |   |   |   |   |   |--- feature_12 >  2.50
|   |   |   |   |   |   |   |   |   |   |--- class: 1
|   |   |   |   |   |   |   |   |--- feature_11 >  0.50
|   |   |   |   |   |   |   |   |   |--- class: 0
|   |   |   |   |   |   |   |--- feature_2 >  7.50
|   |   |   |   |   |   |   |   |--- feature_6 <= 7.50
|   |   |   |   |   |   |   |   |   |--- feature_2 <= 8.50
|   |   |   |   |   |   |   |   |   |   |--- class: 0
|   |   |   |   |   |   |   |   |   |--- feature_2 >  8.50
|   |   |   |   |   |   |   |   |   |   |--- class: 0
|   |   |   |   |   |   |   |   |--- feature_6 >  7.50
|   |   |   |   |   |   |   |   |   |--- class: 0
|   |   |   |   |   |--- feature_10 >  1.50
|   |   |   |   |   |   |--- feature_11 <= 1.50
|   |   |   |   |   |   |   |--- feature_6 <= 6.50
|   |   |   |   |   |   |   |   |--- class: 0
|   |   |   |   |   |   |   |--- feature_6 >  6.50
|   |   |   |   |   |   |   |   |--- class: 0
|   |   |   |   |   |   |--- feature_11 >  1.50
|   |   |   |   |   |   |   |--- class: 0
|   |   |   |   |--- feature_3 >  1.50
|   |   |   |   |   |--- feature_5 <= 1.50
|   |   |   |   |   |   |--- feature_9 <= 21.50
|   |   |   |   |   |   |   |--- feature_3 <= 4.00
|   |   |   |   |   |   |   |   |--- feature_8 <= 5.50
|   |   |   |   |   |   |   |   |   |--- feature_2 <= 4.50
|   |   |   |   |   |   |   |   |   |   |--- class: 0
|   |   |   |   |   |   |   |   |   |--- feature_2 >  4.50
|   |   |   |   |   |   |   |   |   |   |--- class: 0
|   |   |   |   |   |   |   |   |--- feature_8 >  5.50
|   |   |   |   |   |   |   |   |   |--- class: 0
|   |   |   |   |   |   |   |--- feature_3 >  4.00
|   |   |   |   |   |   |   |   |--- class: 1
|   |   |   |   |   |   |--- feature_9 >  21.50
|   |   |   |   |   |   |   |--- feature_7 <= 42.50
|   |   |   |   |   |   |   |   |--- class: 0
|   |   |   |   |   |   |   |--- feature_7 >  42.50
|   |   |   |   |   |   |   |   |--- class: 1
|   |   |   |   |   |--- feature_5 >  1.50
|   |   |   |   |   |   |--- feature_7 <= 31.50
|   |   |   |   |   |   |   |--- feature_11 <= 0.50
|   |   |   |   |   |   |   |   |--- feature_2 <= 6.50
|   |   |   |   |   |   |   |   |   |--- class: 1
|   |   |   |   |   |   |   |   |--- feature_2 >  6.50
|   |   |   |   |   |   |   |   |   |--- class: 1
|   |   |   |   |   |   |   |--- feature_11 >  0.50
|   |   |   |   |   |   |   |   |--- class: 1
|   |   |   |   |   |   |--- feature_7 >  31.50
|   |   |   |   |   |   |   |--- feature_5 <= 3.50
|   |   |   |   |   |   |   |   |--- class: 1
|   |   |   |   |   |   |   |--- feature_5 >  3.50
|   |   |   |   |   |   |   |   |--- feature_8 <= 3.50
|   |   |   |   |   |   |   |   |   |--- feature_4 <= 7.50
|   |   |   |   |   |   |   |   |   |   |--- class: 0
|   |   |   |   |   |   |   |   |   |--- feature_4 >  7.50
|   |   |   |   |   |   |   |   |   |   |--- class: 1
|   |   |   |   |   |   |   |   |--- feature_8 >  3.50
|   |   |   |   |   |   |   |   |   |--- class: 1
